
2022-03-29 13:12:26.06459 -0400 EDT m=+12.956638376 tel_us:{us_front:1117 us_left:142} tel_acc:{accel_x:0.8331822 accel_y:1.6663644 accel_z:-13.88637} tel_gyro:{gyro_x:-0.09258759 gyro_y:-0.14579885} tel_orientation:{orientation:LEFT}
2022-03-29 13:12:26.677169 -0400 EDT m=+13.569217667 tel_us:{us_front:1040 us_left:147} tel_acc:{accel_x:0.29209262 accel_y:-2.4181437 accel_z:-8.719683} tel_gyro:{gyro_x:0.079816885 gyro_y:-0.018091828} tel_orientation:{orientation:LEFT}
2022-03-29 13:12:27.314256 -0400 EDT m=+14.206303376 tel_us:{us_front:945 us_left:152} tel_acc:{accel_x:1.4413095 accel_y:-0.21547815 accel_z:-13.043611} tel_gyro:{gyro_x:-0.071303084 gyro_y:-0.026605628 gyro_z:1.502e-42} tel_orientation:{orientation:LEFT}
2022-03-29 13:12:27.87413 -0400 EDT m=+14.766176959 tel_us:{us_front:811 us_left:161} tel_acc:{accel_x:-1.3934253 accel_y:-0.4165911 accel_z:-10.773908} tel_gyro:{gyro_x:0.24583602 gyro_y:0.06598196 gyro_z:-1.7088851e-19} tel_orientation:{orientation:LEFT}
2022-03-29 13:12:28.486695 -0400 EDT m=+15.378741959 tel_us:{us_front:668 us_left:165} tel_acc:{accel_x:1.8483237 accel_y:-0.6751649 accel_z:-14.5328045} tel_gyro:{gyro_x:0.058532387 gyro_y:-0.023412954 gyro_z:1e-45} tel_orientation:{orientation:LEFT}
2022-03-29 13:12:28.957765 -0400 EDT m=+15.849811709 tel_us:{us_front:515 us_left:168} tel_acc:{accel_x:0.6991069 accel_y:-0.9576807 accel_z:-18.684351} tel_gyro:{gyro_x:0.022348728 gyro_y:0.068110414 gyro_z:2.803e-42} tel_orientation:{orientation:LEFT}
2022-03-29 13:12:29.715405 -0400 EDT m=+16.607450917 tel_us:{us_front:363 us_left:172} tel_acc:{accel_x:-1.0630256 accel_y:-0.6847417 accel_z:-12.727576} tel_gyro:{gyro_x:-0.046825908 gyro_y:-0.004256901 gyro_z:1.5414e-41} tel_orientation:{orientation:LEFT}
2022-03-29 13:12:31.969125 -0400 EDT m=+18.861170126 tel_us:{us_front:-2 us_left:142} tel_acc:{accel_x:-0.01436521 accel_y:2.6001031 accel_z:-18.813637} tel_gyro:{gyro_x:0.06917463 gyro_y:0.024477178 gyro_z:3.0856724e-37} tel_orientation:{}
2022-03-29 13:12:32.659399 -0400 EDT m=+19.551443959 tel_us:{us_front:1010 us_left:112} tel_acc:{accel_x:0.4261679 accel_y:-0.78050977 accel_z:-8.470686} tel_gyro:{gyro_x:-0.08939491 gyro_y:0.029798305} tel_orientation:{}
2022-03-29 13:12:33.708614 -0400 EDT m=+20.600658167 tel_us:{us_front:993 us_left:100} tel_acc:{accel_x:-0.61291564 accel_y:1.1587936 accel_z:-6.3781533} tel_gyro:{gyro_x:-0.27244166 gyro_y:-0.15005575 gyro_z:2.9508864e+38} tel_orientation:{}
2022-03-29 13:12:34.366802 -0400 EDT m=+21.258845792 tel_us:{us_front:178 us_left:179} tel_acc:{accel_x:-0.7469909 accel_y:1.115698 accel_z:-6.421249} tel_gyro:{gyro_x:-0.04789013 gyro_y:-0.06598196 gyro_z:2.5209932} tel_orientation:{orientation:LEFT}
2022-03-29 13:12:34.47561 -0400 EDT m=+21.367653792 tel_us:{us_front:856 us_left:106} tel_acc:{accel_x:0.31603462 accel_y:-1.6328455 accel_z:-5.9759274} tel_gyro:{gyro_x:-0.12770702 gyro_y:0.05640393 gyro_z:6.7262e-41} tel_orientation:{}
2022-03-29 13:12:35.079593 -0400 EDT m=+21.971636376 tel_us:{us_front:696 us_left:114} tel_acc:{accel_x:0.33997664 accel_y:0.21547815 accel_z:-11.295844} tel_gyro:{gyro_x:-0.048954356 gyro_y:-0.020220278 gyro_z:2.12687e+32} tel_orientation:{}
2022-03-29 13:12:36.162826 -0400 EDT m=+23.054868084 tel_us:{us_front:456 us_left:141} tel_acc:{accel_x:0.12928689 accel_y:-2.657564 accel_z:-14.00608} tel_gyro:{gyro_x:-0.23838644 gyro_y:-0.010642252 gyro_z:1.5414e-41} tel_orientation:{}
2022-03-29 13:12:36.795888 -0400 EDT m=+23.687930209 tel_us:{us_front:303 us_left:161} tel_acc:{accel_x:-1.0199299 accel_y:1.8531121 accel_z:-7.4268136} tel_gyro:{gyro_x:-0.0031926755 gyro_y:-0.0010642252} tel_orientation:{}
2022-03-29 13:12:38.405664 -0400 EDT m=+25.297705084 tel_us:{us_front:986 us_left:199} tel_acc:{accel_x:-0.019153614 accel_y:1.5466543 accel_z:-4.9895163} tel_gyro:{gyro_x:-0.1979459 gyro_y:-0.0010642252 gyro_z:63079.008} tel_orientation:{orientation:RIGHT}
2022-03-29 13:12:39.131399 -0400 EDT m=+26.023439417 tel_us:{us_front:1036 us_left:181} tel_acc:{accel_x:0.6655881 accel_y:1.6136919 accel_z:-5.659893} tel_gyro:{gyro_x:0.13728504 gyro_y:0.011706477} tel_orientation:{orientation:RIGHT}
2022-03-29 13:12:39.596515 -0400 EDT m=+26.488555209 tel_us:{us_front:1055 us_left:162} tel_acc:{accel_x:1.1683705 accel_y:-0.92416185 accel_z:-10.6158905} tel_gyro:{gyro_x:0.006385351 gyro_y:-0.017027603 gyro_z:8.408e-42} tel_orientation:{orientation:RIGHT}
2022-03-29 13:12:40.154677 -0400 EDT m=+27.046717209 tel_us:{us_front:905 us_left:145} tel_acc:{accel_x:0.33518824 accel_y:0.58418524 accel_z:-16.941372} tel_gyro:{gyro_x:-0.13834926 gyro_y:-0.023412954 gyro_z:3e-45} tel_orientation:{orientation:RIGHT}
2022-03-29 13:12:40.783064 -0400 EDT m=+27.675103917 tel_us:{us_front:836 us_left:132} tel_acc:{accel_x:0.6607997 accel_y:0.6751649 accel_z:-9.892841} tel_gyro:{gyro_x:-0.32352445 gyro_y:-0.009578027 gyro_z:2.7981e-41} tel_orientation:{orientation:RIGHT}
2022-03-29 13:12:41.551494 -0400 EDT m=+28.443533167 tel_us:{us_front:712 us_left:110} tel_acc:{accel_x:-0.6847417 accel_y:-1.7764976 accel_z:-4.185065} tel_gyro:{gyro_x:0.040440556 gyro_y:-0.11919322 gyro_z:1.5414e-41} tel_orientation:{orientation:RIGHT}
2022-03-29 13:12:42.215035 -0400 EDT m=+29.107074084 tel_us:{us_front:549 us_left:105} tel_acc:{accel_x:-0.6607997 accel_y:-1.7046716 accel_z:-9.5385} tel_gyro:{gyro_x:-0.03724788 gyro_y:-0.025541404 gyro_z:1.5414e-41} tel_orientation:{orientation:RIGHT}
2022-03-29 13:12:43.188229 -0400 EDT m=+30.080266834 tel_us:{us_front:307 us_left:107} tel_acc:{accel_x:-1.1013328 accel_y:-5.21936 accel_z:-13.13459} tel_gyro:{gyro_x:0.088330686 gyro_y:0.0031926755 gyro_z:1.5414e-41} tel_orientation:{orientation:RIGHT}
2022-03-29 13:12:44.760282 -0400 EDT m=+31.652319334 tel_us:{us_front:1043 us_left:182} tel_acc:{accel_x:0.5267244 accel_y:-0.04309563 accel_z:-17.970879} tel_gyro:{gyro_x:-0.22348729 gyro_y:0.076624215 gyro_z:1.5414e-41} tel_orientation:{orientation:DOWN}
2022-03-29 13:12:45.491181 -0400 EDT m=+32.383217834 tel_us:{us_front:971 us_left:162} tel_acc:{accel_x:0.8283938 accel_y:0.7422025 accel_z:-18.416199} tel_gyro:{gyro_x:-0.24157912 gyro_y:0.013834927} tel_orientation:{orientation:DOWN}
2022-03-29 13:12:46.044271 -0400 EDT m=+32.936307251 tel_us:{us_front:854 us_left:137} tel_acc:{accel_x:0.48362875 accel_y:1.3790601 accel_z:-7.393295} tel_gyro:{gyro_x:-0.05640393 gyro_y:-0.014899152 gyro_z:2.5223e-41} tel_orientation:{orientation:DOWN}
2022-03-29 13:12:46.604858 -0400 EDT m=+33.496893834 tel_us:{us_front:159 us_left:109} tel_acc:{accel_x:7.5465236 accel_y:-1.2401965 accel_z:-11.899182} tel_gyro:{gyro_x:1.6144296 gyro_y:0.23838644 gyro_z:2.5223e-41} tel_orientation:{orientation:DOWN}
2022-03-29 13:12:47.269891 -0400 EDT m=+34.161927376 tel_us:{us_front:359 us_left:95} tel_acc:{accel_x:0.14844051 accel_y:-2.4277205 accel_z:-1.0295067} tel_gyro:{gyro_x:1.0269773 gyro_y:-0.06704619} tel_orientation:{orientation:DOWN}
2022-03-29 13:12:47.849519 -0400 EDT m=+34.741553876 tel_us:{us_front:699 us_left:89} tel_acc:{accel_x:-0.29209262 accel_y:0.9768343 accel_z:-11.769896} tel_gyro:{gyro_x:0.05533971 gyro_y:0.018091828 gyro_z:8.408e-42} tel_orientation:{orientation:DOWN}
2022-03-29 13:12:48.664199 -0400 EDT m=+35.556234084 tel_us:{us_front:689 us_left:90} tel_acc:{accel_x:-3.7110126 accel_y:2.3942018 accel_z:-14.365211} tel_gyro:{gyro_x:1.9070915 gyro_y:0.15856956 gyro_z:1.5414e-41} tel_orientation:{orientation:DOWN}
2022-03-29 13:12:49.228945 -0400 EDT m=+36.120979459 tel_us:{us_front:-2 us_left:91} tel_acc:{accel_x:-3.7301662 accel_y:-0.272939 accel_z:-5.779603} tel_gyro:{gyro_x:-0.82583874 gyro_y:-0.12238589 gyro_z:1.9908495} tel_orientation:{orientation:DOWN}
2022-03-29 13:12:49.875182 -0400 EDT m=+36.767216042 tel_us:{us_front:-2 us_left:93} tel_acc:{accel_x:-4.256891 accel_y:-4.146757 accel_z:-5.3438582} tel_gyro:{gyro_x:-1.3845569 gyro_y:-0.26073518 gyro_z:1.5414e-41} tel_orientation:{orientation:DOWN}
2022-03-29 13:12:50.599993 -0400 EDT m=+37.492026376 tel_us:{us_front:-2 us_left:102} tel_acc:{accel_x:-7.9391727 accel_y:0.89543146 accel_z:1.2785037} tel_gyro:{gyro_x:-2.8223252 gyro_y:-0.46719486} tel_orientation:{orientation:DOWN}
2022-03-29 13:12:51.067445 -0400 EDT m=+37.959478167 tel_us:{us_front:-2 us_left:172} tel_acc:{accel_x:-8.149862 accel_y:-1.7669208 accel_z:-4.4436383} tel_gyro:{gyro_x:4.0397987 gyro_y:-0.41611204 gyro_z:8.408e-42} tel_orientation:{orientation:DOWN}
2022-03-29 13:12:51.731927 -0400 EDT m=+38.623959667 tel_us:{us_front:-2 us_left:633} tel_acc:{accel_z:15.389929} tel_gyro:{gyro_x:-34.617115 gyro_y:-0.47783712 gyro_z:-1.3137131e-07} tel_orientation:{orientation:DOWN}
2022-03-29 13:12:52.531594 -0400 EDT m=+39.423626876 tel_us:{us_front:450 us_left:122} tel_acc:{accel_z:-36.085407} tel_gyro:{gyro_x:-34.617115 gyro_y:-0.47783712 gyro_z:6.152259e+23} tel_orientation:{orientation:DOWN}
2022-03-29 13:12:52.991667 -0400 EDT m=+39.883699542 tel_us:{us_front:264 us_left:134} tel_acc:{accel_z:-101.0401} tel_gyro:{gyro_x:-34.617115 gyro_y:-0.47783712 gyro_z:1.5414e-41} tel_orientation:{orientation:DOWN}
2022-03-29 13:12:53.4966 -0400 EDT m=+40.388631834 tel_us:{us_front:-2 us_left:695} tel_acc:{accel_z:-107.15968} tel_gyro:{gyro_x:-34.617115 gyro_y:-0.47783712 gyro_z:1.8654e-41} tel_orientation:{orientation:DOWN}
2022-03-29 13:12:54.18339 -0400 EDT m=+41.075421334 tel_us:{us_front:491 us_left:105} tel_acc:{accel_z:-96.11762} tel_gyro:{gyro_x:-34.617115 gyro_y:-0.47783712 gyro_z:1.99084} tel_orientation:{orientation:DOWN}
2022-03-29 13:12:54.728191 -0400 EDT m=+41.620222834 tel_us:{us_front:114 us_left:247} tel_acc:{accel_z:44.86734} tel_gyro:{gyro_x:-34.617115 gyro_y:-0.47783712 gyro_z:2.9508864e+38} tel_orientation:{orientation:DOWN}
2022-03-29 13:12:55.273303 -0400 EDT m=+42.165333834 tel_us:{us_front:-2 us_left:1.9899142} tel_acc:{accel_z:81.651855} tel_gyro:{gyro_x:-34.617115 gyro_y:-0.47783712} tel_orientation:{orientation:DOWN}
2022-03-29 13:12:56.01492 -0400 EDT m=+42.906950959 tel_us:{us_front:-2} tel_acc:{accel_z:119.6622} tel_gyro:{gyro_x:-34.617115 gyro_y:-0.47783712 gyro_z:8.408e-42} tel_orientation:{orientation:DOWN}
2022-03-29 13:12:56.731595 -0400 EDT m=+43.623624917 tel_us:{us_front:-2 us_left:556} tel_acc:{accel_z:66.96582} tel_gyro:{gyro_x:-34.617115 gyro_y:-0.47783712 gyro_z:1.5414e-41} tel_orientation:{orientation:DOWN}
2022-03-29 13:12:57.172662 -0400 EDT m=+44.064691834 tel_us:{us_front:346 us_left:642} tel_acc:{accel_z:4.462792} tel_gyro:{gyro_x:-34.617115 gyro_y:-0.47783712} tel_orientation:{orientation:DOWN}
2022-03-29 13:12:57.754713 -0400 EDT m=+44.646742542 tel_us:{us_front:-2} tel_acc:{accel_z:-43.33984} tel_gyro:{gyro_x:-34.617115 gyro_y:-0.47783712 gyro_z:8.408e-42} tel_orientation:{orientation:DOWN}
2022-03-29 13:12:58.191587 -0400 EDT m=+45.083616542 tel_us:{us_front:-2 us_left:1.989722} tel_acc:{accel_z:-85.00852} tel_gyro:{gyro_x:-34.617115 gyro_y:-0.47783712 gyro_z:63079.008} tel_orientation:{orientation:DOWN}
2022-03-29 13:12:58.672696 -0400 EDT m=+45.564724376 tel_us:{us_front:-2 us_left:1.9942822} tel_acc:{accel_z:138.10234} tel_gyro:{gyro_x:-34.617115 gyro_y:-0.47783712} tel_orientation:{orientation:DOWN}
2022-03-29 13:12:59.128907 -0400 EDT m=+46.020935084 tel_us:{us_front:-2 us_left:1e-45} tel_acc:{accel_z:81.72368} tel_gyro:{gyro_x:-34.617115 gyro_y:-0.47783712 gyro_z:6.7262e-41} tel_orientation:{orientation:DOWN}
2022-03-29 13:12:59.783359 -0400 EDT m=+46.675387084 tel_us:{us_front:-2} tel_acc:{accel_z:71.926605} tel_gyro:{gyro_x:-34.617115 gyro_y:-0.47783712 gyro_z:1.5414e-41} tel_orientation:{orientation:DOWN}